<?xml version="1.0" encoding="UTF-8"?>
<Site BuildName="(empty)"
	BuildStamp="20241216-0459-Experimental"
	Name="rm-NUC11TNKi5"
	Generator="ctest-3.16.3"
	CompilerName="/usr/bin/c++"
	CompilerVersion="9.4.0"
	OSName="Linux"
	Hostname="rm-NUC11TNKi5"
	OSRelease="5.15.0-125-generic"
	OSVersion="#135~20.04.1-Ubuntu SMP Mon Oct 7 13:56:22 UTC 2024"
	OSPlatform="x86_64"
	Is64Bits="1"
	VendorString="GenuineIntel"
	VendorID="Intel Corporation"
	FamilyID="6"
	ModelID="140"
	ProcessorCacheSize="8192"
	NumberOfLogicalCPU="8"
	NumberOfPhysicalCPU="4"
	TotalVirtualMemory="2047"
	TotalPhysicalMemory="7560"
	LogicalProcessorsPerPhysical="2"
	ProcessorClockFrequency="3709.46"
	>
	<Testing>
		<StartDateTime>Dec 16 20:48 CST</StartDateTime>
		<StartTestTime>1734353306</StartTestTime>
		<TestList/>
		<EndDateTime>Dec 16 20:48 CST</EndDateTime>
		<EndTestTime>1734353306</EndTestTime>
		<ElapsedMinutes>0</ElapsedMinutes>
	</Testing>
</Site>
