<?xml version="1.0" encoding="UTF-8"?>
<Site BuildName="(empty)"
	BuildStamp="20241109-0403-Experimental"
	Name="rm-NUC11TNKi5"
	Generator="ctest-3.16.3"
	CompilerName="/usr/bin/c++"
	CompilerVersion="9.4.0"
	OSName="Linux"
	Hostname="rm-NUC11TNKi5"
	OSRelease="5.15.0-124-generic"
	OSVersion="#134~20.04.1-Ubuntu SMP Tue Oct 1 15:27:33 UTC 2024"
	OSPlatform="x86_64"
	Is64Bits="1"
	VendorString="GenuineIntel"
	VendorID="Intel Corporation"
	FamilyID="6"
	ModelID="140"
	ProcessorCacheSize="8192"
	NumberOfLogicalCPU="8"
	NumberOfPhysicalCPU="4"
	TotalVirtualMemory="2047"
	TotalPhysicalMemory="15612"
	LogicalProcessorsPerPhysical="2"
	ProcessorClockFrequency="3697.38"
	>
	<Testing>
		<StartDateTime>Nov 09 20:43 CST</StartDateTime>
		<StartTestTime>1731156239</StartTestTime>
		<TestList/>
		<EndDateTime>Nov 09 20:43 CST</EndDateTime>
		<EndTestTime>1731156239</EndTestTime>
		<ElapsedMinutes>0</ElapsedMinutes>
	</Testing>
</Site>
