<?xml version="1.0" encoding="UTF-8"?>
<Site BuildName="(empty)"
	BuildStamp="20241116-0519-Experimental"
	Name="rm-NUC11TNKi5"
	Generator="ctest-3.16.3"
	CompilerName="/usr/bin/c++"
	CompilerVersion="9.4.0"
	OSName="Linux"
	Hostname="rm-NUC11TNKi5"
	OSRelease="5.15.0-125-generic"
	OSVersion="#135~20.04.1-Ubuntu SMP Mon Oct 7 13:56:22 UTC 2024"
	OSPlatform="x86_64"
	Is64Bits="1"
	VendorString="GenuineIntel"
	VendorID="Intel Corporation"
	FamilyID="6"
	ModelID="140"
	ProcessorCacheSize="8192"
	NumberOfLogicalCPU="8"
	NumberOfPhysicalCPU="4"
	TotalVirtualMemory="2047"
	TotalPhysicalMemory="15612"
	LogicalProcessorsPerPhysical="2"
	ProcessorClockFrequency="3776.01"
	>
	<Testing>
		<StartDateTime>Nov 16 18:26 CST</StartDateTime>
		<StartTestTime>1731752762</StartTestTime>
		<TestList/>
		<EndDateTime>Nov 16 18:26 CST</EndDateTime>
		<EndTestTime>1731752762</EndTestTime>
		<ElapsedMinutes>0</ElapsedMinutes>
	</Testing>
</Site>
